2021-10-03 13:01:20.804+0000 INFO  [org.neo4j]: [./data/neostore.relationshiptypestore.db.names] brickCount=0 brickSize=0b mappedMem=0b (storeSize=38b)
2021-10-03 13:01:20.835+0000 INFO  [org.neo4j]: [./data/neostore.relationshiptypestore.db] brickCount=0 brickSize=0b mappedMem=0b (storeSize=0b)
2021-10-03 13:01:20.836+0000 INFO  [org.neo4j]: ./data/neostore.relationshiptypestore.db.names hit=0 miss=0 switches=0 ooe=0
2021-10-03 13:01:20.838+0000 INFO  [org.neo4j]: ./data/neostore.relationshiptypestore.db hit=0 miss=0 switches=0 ooe=0
2021-10-03 13:01:20.846+0000 INFO  [org.neo4j]: [./data/neostore.labeltokenstore.db.names] brickCount=0 brickSize=0b mappedMem=0b (storeSize=38b)
2021-10-03 13:01:20.846+0000 INFO  [org.neo4j]: [./data/neostore.labeltokenstore.db] brickCount=0 brickSize=0b mappedMem=0b (storeSize=0b)
2021-10-03 13:01:20.847+0000 INFO  [org.neo4j]: ./data/neostore.labeltokenstore.db.names hit=0 miss=0 switches=0 ooe=0
2021-10-03 13:01:20.849+0000 INFO  [org.neo4j]: ./data/neostore.labeltokenstore.db hit=0 miss=0 switches=0 ooe=0
2021-10-03 13:01:20.857+0000 INFO  [org.neo4j]: [./data/neostore.relationshiptypestore.db.names] brickCount=0 brickSize=0b mappedMem=0b (storeSize=38b)
2021-10-03 13:01:20.857+0000 INFO  [org.neo4j]: [./data/neostore.relationshiptypestore.db] brickCount=0 brickSize=0b mappedMem=0b (storeSize=0b)
2021-10-03 13:01:20.858+0000 INFO  [org.neo4j]: [./data/neostore.labeltokenstore.db.names] brickCount=0 brickSize=0b mappedMem=0b (storeSize=38b)
2021-10-03 13:01:20.858+0000 INFO  [org.neo4j]: [./data/neostore.labeltokenstore.db] brickCount=0 brickSize=0b mappedMem=0b (storeSize=0b)
2021-10-03 13:01:20.858+0000 INFO  [org.neo4j]: [./data/neostore.propertystore.db.strings] brickCount=0 brickSize=209664b mappedMem=209715200b (storeSize=128b)
2021-10-03 13:01:20.859+0000 INFO  [org.neo4j]: [./data/neostore.propertystore.db.index.keys] brickCount=0 brickSize=5206b mappedMem=5242880b (storeSize=38b)
2021-10-03 13:01:20.859+0000 INFO  [org.neo4j]: [./data/neostore.propertystore.db.index] brickCount=0 brickSize=52425b mappedMem=5242880b (storeSize=0b)
2021-10-03 13:01:20.860+0000 INFO  [org.neo4j]: [./data/neostore.propertystore.db.arrays] brickCount=0 brickSize=136192b mappedMem=136314880b (storeSize=128b)
2021-10-03 13:01:20.861+0000 INFO  [org.neo4j]: [./data/neostore.propertystore.db] brickCount=0 brickSize=2097150b mappedMem=209715200b (storeSize=0b)
2021-10-03 13:01:20.862+0000 INFO  [org.neo4j]: [./data/neostore.relationshipstore.db] brickCount=0 brickSize=21474808b mappedMem=2147483648b (storeSize=0b)
2021-10-03 13:01:20.863+0000 INFO  [org.neo4j]: [./data/neostore.nodestore.db.labels] brickCount=0 brickSize=0b mappedMem=0b (storeSize=68b)
2021-10-03 13:01:20.864+0000 INFO  [org.neo4j]: [./data/neostore.nodestore.db] brickCount=0 brickSize=2097150b mappedMem=209715200b (storeSize=0b)
2021-10-03 13:01:20.864+0000 INFO  [org.neo4j]: [./data/neostore.schemastore.db] brickCount=0 brickSize=0b mappedMem=0b (storeSize=64b)
2021-10-03 13:01:20.865+0000 INFO  [org.neo4j]: [./data/neostore.relationshipgroupstore.db] brickCount=0 brickSize=0b mappedMem=0b (storeSize=25b)
2021-10-03 13:01:20.865+0000 INFO  [org.neo4j]: [./data/neostore] brickCount=0 brickSize=0b mappedMem=0b (storeSize=0b)
2021-10-03 13:01:20.870+0000 INFO  [org.neo4j]: ./data/neostore.relationshiptypestore.db.names hit=0 miss=0 switches=0 ooe=0
2021-10-03 13:01:20.872+0000 INFO  [org.neo4j]: ./data/neostore.relationshiptypestore.db hit=0 miss=0 switches=0 ooe=0
2021-10-03 13:01:20.874+0000 INFO  [org.neo4j]: ./data/neostore.labeltokenstore.db.names hit=0 miss=0 switches=0 ooe=0
2021-10-03 13:01:20.876+0000 INFO  [org.neo4j]: ./data/neostore.labeltokenstore.db hit=0 miss=0 switches=0 ooe=0
2021-10-03 13:01:20.878+0000 INFO  [org.neo4j]: ./data/neostore.propertystore.db.strings hit=0 miss=0 switches=0 ooe=0
2021-10-03 13:01:20.880+0000 INFO  [org.neo4j]: ./data/neostore.propertystore.db.index.keys hit=0 miss=0 switches=0 ooe=0
2021-10-03 13:01:20.882+0000 INFO  [org.neo4j]: ./data/neostore.propertystore.db.index hit=0 miss=0 switches=0 ooe=0
2021-10-03 13:01:20.884+0000 INFO  [org.neo4j]: ./data/neostore.propertystore.db.arrays hit=0 miss=0 switches=0 ooe=0
2021-10-03 13:01:20.886+0000 INFO  [org.neo4j]: ./data/neostore.propertystore.db hit=0 miss=0 switches=0 ooe=0
2021-10-03 13:01:20.888+0000 INFO  [org.neo4j]: ./data/neostore.relationshipstore.db hit=0 miss=0 switches=0 ooe=0
2021-10-03 13:01:20.889+0000 INFO  [org.neo4j]: ./data/neostore.nodestore.db.labels hit=0 miss=0 switches=0 ooe=0
2021-10-03 13:01:20.891+0000 INFO  [org.neo4j]: ./data/neostore.nodestore.db hit=0 miss=0 switches=0 ooe=0
2021-10-03 13:01:20.893+0000 INFO  [org.neo4j]: ./data/neostore.schemastore.db hit=0 miss=0 switches=0 ooe=0
2021-10-03 13:01:20.894+0000 INFO  [org.neo4j]: ./data/neostore.relationshipgroupstore.db hit=0 miss=0 switches=0 ooe=0
2021-10-03 13:01:20.902+0000 INFO  [org.neo4j]: ./data/neostore hit=0 miss=10 switches=0 ooe=0
2021-10-03 13:01:20.905+0000 INFO  [org.neo4j]: Thread[main,5,main] Starting BatchInserter(EmbeddedBatchInserter[./data])
2021-10-03 13:01:20.905+0000 INFO  [org.neo4j]: [./data/neostore.relationshiptypestore.db.names] brickCount=0 brickSize=0b mappedMem=0b (storeSize=38b)
2021-10-03 13:01:20.905+0000 INFO  [org.neo4j]: [./data/neostore.relationshiptypestore.db] brickCount=0 brickSize=0b mappedMem=0b (storeSize=0b)
2021-10-03 13:01:20.905+0000 INFO  [org.neo4j]: [./data/neostore.labeltokenstore.db.names] brickCount=0 brickSize=0b mappedMem=0b (storeSize=38b)
2021-10-03 13:01:20.906+0000 INFO  [org.neo4j]: [./data/neostore.labeltokenstore.db] brickCount=0 brickSize=0b mappedMem=0b (storeSize=0b)
2021-10-03 13:01:20.906+0000 INFO  [org.neo4j]: [./data/neostore.propertystore.db.strings] brickCount=0 brickSize=209664b mappedMem=209715200b (storeSize=128b)
2021-10-03 13:01:20.906+0000 INFO  [org.neo4j]: [./data/neostore.propertystore.db.index.keys] brickCount=0 brickSize=5206b mappedMem=5242880b (storeSize=38b)
2021-10-03 13:01:20.907+0000 INFO  [org.neo4j]: [./data/neostore.propertystore.db.index] brickCount=0 brickSize=52425b mappedMem=5242880b (storeSize=0b)
2021-10-03 13:01:20.907+0000 INFO  [org.neo4j]: [./data/neostore.propertystore.db.arrays] brickCount=0 brickSize=136192b mappedMem=136314880b (storeSize=128b)
2021-10-03 13:01:20.907+0000 INFO  [org.neo4j]: [./data/neostore.propertystore.db] brickCount=0 brickSize=2097150b mappedMem=209715200b (storeSize=0b)
2021-10-03 13:01:20.907+0000 INFO  [org.neo4j]: [./data/neostore.relationshipstore.db] brickCount=0 brickSize=21474808b mappedMem=2147483648b (storeSize=0b)
2021-10-03 13:01:20.908+0000 INFO  [org.neo4j]: [./data/neostore.nodestore.db.labels] brickCount=0 brickSize=0b mappedMem=0b (storeSize=68b)
2021-10-03 13:01:20.908+0000 INFO  [org.neo4j]: [./data/neostore.nodestore.db] brickCount=0 brickSize=2097150b mappedMem=209715200b (storeSize=0b)
2021-10-03 13:01:20.908+0000 INFO  [org.neo4j]: [./data/neostore.schemastore.db] brickCount=0 brickSize=0b mappedMem=0b (storeSize=64b)
2021-10-03 13:01:20.908+0000 INFO  [org.neo4j]: [./data/neostore.relationshipgroupstore.db] brickCount=0 brickSize=0b mappedMem=0b (storeSize=25b)
2021-10-03 13:01:20.909+0000 INFO  [org.neo4j]: [./data/neostore] brickCount=0 brickSize=0b mappedMem=0b (storeSize=81b)
2021-10-03 13:01:20.967+0000 INFO  [org.neo4j]: No lucene scan store index found, this might just be first use. Preparing to rebuild.
2021-10-03 13:01:20.995+0000 INFO  [org.neo4j]: No lucene scan store index found, this might just be first use. Preparing to rebuild.
2021-10-03 13:01:21.250+0000 INFO  [org.neo4j]: Rebuilding lucene scan store, this may take a while
2021-10-03 13:01:21.250+0000 INFO  [org.neo4j]: Lucene scan store rebuilt (roughly -1 nodes)
2021-10-03 13:01:21.277+0000 INFO  [org.neo4j]: ./data/neostore.relationshiptypestore.db.names hit=0 miss=0 switches=0 ooe=0
2021-10-03 13:01:21.280+0000 INFO  [org.neo4j]: ./data/neostore.relationshiptypestore.db hit=0 miss=0 switches=0 ooe=0
2021-10-03 13:01:21.282+0000 INFO  [org.neo4j]: ./data/neostore.labeltokenstore.db.names hit=0 miss=0 switches=0 ooe=0
2021-10-03 13:01:21.283+0000 INFO  [org.neo4j]: ./data/neostore.labeltokenstore.db hit=0 miss=0 switches=0 ooe=0
2021-10-03 13:01:21.284+0000 INFO  [org.neo4j]: ./data/neostore.propertystore.db.strings hit=0 miss=0 switches=0 ooe=0
2021-10-03 13:01:21.286+0000 INFO  [org.neo4j]: ./data/neostore.propertystore.db.index.keys hit=0 miss=0 switches=0 ooe=0
2021-10-03 13:01:21.287+0000 INFO  [org.neo4j]: ./data/neostore.propertystore.db.index hit=0 miss=0 switches=0 ooe=0
2021-10-03 13:01:21.288+0000 INFO  [org.neo4j]: ./data/neostore.propertystore.db.arrays hit=0 miss=0 switches=0 ooe=0
2021-10-03 13:01:21.290+0000 INFO  [org.neo4j]: ./data/neostore.propertystore.db hit=0 miss=0 switches=0 ooe=0
2021-10-03 13:01:21.291+0000 INFO  [org.neo4j]: ./data/neostore.relationshipstore.db hit=0 miss=0 switches=0 ooe=0
2021-10-03 13:01:21.292+0000 INFO  [org.neo4j]: ./data/neostore.nodestore.db.labels hit=0 miss=0 switches=0 ooe=0
2021-10-03 13:01:21.294+0000 INFO  [org.neo4j]: ./data/neostore.nodestore.db hit=0 miss=0 switches=0 ooe=0
2021-10-03 13:01:21.295+0000 INFO  [org.neo4j]: ./data/neostore.schemastore.db hit=0 miss=0 switches=0 ooe=0
2021-10-03 13:01:21.297+0000 INFO  [org.neo4j]: ./data/neostore.relationshipgroupstore.db hit=0 miss=0 switches=0 ooe=0
2021-10-03 13:01:21.298+0000 INFO  [org.neo4j]: ./data/neostore hit=0 miss=2 switches=0 ooe=0
2021-10-03 13:01:21.300+0000 INFO  [org.neo4j]: Thread[main,5,main] Clean shutdown on BatchInserter(EmbeddedBatchInserter[./data])
